<?xml version="1.0" encoding="UTF-8" standalone="no"?>
<!DOCTYPE log SYSTEM "logger.dtd">
<log>
<record>
  <date>2018-12-10T00:29:12</date>
  <millis>1544376552389</millis>
  <sequence>0</sequence>
  <level>START</level>
  <class>com.kms.katalon.core.logging.XmlKeywordLogger</class>
  <method>startSuite</method>
  <thread>1</thread>
  <message>Start Test Suite : Test Suites/Facebook - Register By Email</message>
  <nestedLevel>0</nestedLevel>
  <property name="name">Facebook - Register By Email</property>
  <property name="description"></property>
  <property name="id">Test Suites/Facebook - Register By Email</property>
</record>
<record>
  <date>2018-12-10T00:29:12</date>
  <millis>1544376552418</millis>
  <sequence>1</sequence>
  <level>RUN_DATA</level>
  <class>com.kms.katalon.core.logging.XmlKeywordLogger</class>
  <method>logMessage</method>
  <thread>1</thread>
  <message>hostName = ADMIN - DESKTOP-H2TL9NJ</message>
  <nestedLevel>0</nestedLevel>
  <property name="hostName">ADMIN - DESKTOP-H2TL9NJ</property>
</record>
<record>
  <date>2018-12-10T00:29:12</date>
  <millis>1544376552418</millis>
  <sequence>2</sequence>
  <level>RUN_DATA</level>
  <class>com.kms.katalon.core.logging.XmlKeywordLogger</class>
  <method>logMessage</method>
  <thread>1</thread>
  <message>os = Windows 10 64bit</message>
  <nestedLevel>0</nestedLevel>
  <property name="os">Windows 10 64bit</property>
</record>
<record>
  <date>2018-12-10T00:29:12</date>
  <millis>1544376552419</millis>
  <sequence>3</sequence>
  <level>RUN_DATA</level>
  <class>com.kms.katalon.core.logging.XmlKeywordLogger</class>
  <method>logMessage</method>
  <thread>1</thread>
  <message>hostAddress = 192.168.100.21</message>
  <nestedLevel>0</nestedLevel>
  <property name="hostAddress">192.168.100.21</property>
</record>
<record>
  <date>2018-12-10T00:29:12</date>
  <millis>1544376552420</millis>
  <sequence>4</sequence>
  <level>RUN_DATA</level>
  <class>com.kms.katalon.core.logging.XmlKeywordLogger</class>
  <method>logMessage</method>
  <thread>1</thread>
  <message>katalonVersion = 5.9.1.2</message>
  <nestedLevel>0</nestedLevel>
  <property name="katalonVersion">5.9.1.2</property>
</record>
<record>
  <date>2018-12-10T00:29:13</date>
  <millis>1544376553062</millis>
  <sequence>5</sequence>
  <level>START</level>
  <class>com.kms.katalon.core.logging.XmlKeywordLogger</class>
  <method>startTest</method>
  <thread>1</thread>
  <message>Start Test Case : Test Cases/Register Facebook by Email</message>
  <nestedLevel>1</nestedLevel>
  <property name="name">Test Cases/Register Facebook by Email</property>
  <property name="description"></property>
  <property name="id">Test Cases/Register Facebook by Email</property>
  <property name="source">C:\\Users\\ADMIN\\git\\katalon\\Test Cases\\Register Facebook by Email.tc</property>
  <property name="isOptional">false</property>
</record>
<record>
  <date>2018-12-10T00:29:13</date>
  <millis>1544376553275</millis>
  <sequence>7</sequence>
  <level>INFO</level>
  <class>com.kms.katalon.core.logging.XmlKeywordLogger</class>
  <method>logMessage</method>
  <thread>1</thread>
  <message>(Default) firstname = Budi</message>
  <nestedLevel>1</nestedLevel>
</record>
<record>
  <date>2018-12-10T00:29:13</date>
  <millis>1544376553285</millis>
  <sequence>8</sequence>
  <level>INFO</level>
  <class>com.kms.katalon.core.logging.XmlKeywordLogger</class>
  <method>logMessage</method>
  <thread>1</thread>
  <message>(Default) lastname = Soemarsono</message>
  <nestedLevel>1</nestedLevel>
</record>
<record>
  <date>2018-12-10T00:29:13</date>
  <millis>1544376553338</millis>
  <sequence>9</sequence>
  <level>INFO</level>
  <class>com.kms.katalon.core.logging.XmlKeywordLogger</class>
  <method>logMessage</method>
  <thread>1</thread>
  <message>(Default) email = soemarsono00000001@gmail.com</message>
  <nestedLevel>1</nestedLevel>
</record>
<record>
  <date>2018-12-10T00:29:13</date>
  <millis>1544376553369</millis>
  <sequence>10</sequence>
  <level>INFO</level>
  <class>com.kms.katalon.core.logging.XmlKeywordLogger</class>
  <method>logMessage</method>
  <thread>1</thread>
  <message>(Default) day = 23</message>
  <nestedLevel>1</nestedLevel>
</record>
<record>
  <date>2018-12-10T00:29:13</date>
  <millis>1544376553387</millis>
  <sequence>11</sequence>
  <level>INFO</level>
  <class>com.kms.katalon.core.logging.XmlKeywordLogger</class>
  <method>logMessage</method>
  <thread>1</thread>
  <message>(Default) month = 6</message>
  <nestedLevel>1</nestedLevel>
</record>
<record>
  <date>2018-12-10T00:29:13</date>
  <millis>1544376553455</millis>
  <sequence>12</sequence>
  <level>INFO</level>
  <class>com.kms.katalon.core.logging.XmlKeywordLogger</class>
  <method>logMessage</method>
  <thread>1</thread>
  <message>(Default) year = 1992</message>
  <nestedLevel>1</nestedLevel>
</record>
<record>
  <date>2018-12-10T00:29:13</date>
  <millis>1544376553562</millis>
  <sequence>13</sequence>
  <level>INFO</level>
  <class>com.kms.katalon.core.logging.XmlKeywordLogger</class>
  <method>logMessage</method>
  <thread>1</thread>
  <message>(Default) gender = L</message>
  <nestedLevel>1</nestedLevel>
</record>
<record>
  <date>2018-12-10T00:29:13</date>
  <millis>1544376553656</millis>
  <sequence>14</sequence>
  <level>INFO</level>
  <class>com.kms.katalon.core.logging.XmlKeywordLogger</class>
  <method>logMessage</method>
  <thread>1</thread>
  <message>(Default) password = ********</message>
  <nestedLevel>1</nestedLevel>
</record>
<record>
  <date>2018-12-10T00:29:14</date>
  <millis>1544376554592</millis>
  <sequence>15</sequence>
  <level>START</level>
  <class>com.kms.katalon.core.logging.XmlKeywordLogger</class>
  <method>startKeyword</method>
  <thread>1</thread>
  <message>Start action : openBrowser(\&amp;quot;\&amp;quot;)</message>
  <nestedLevel>1</nestedLevel>
  <property name="startLine">17</property>
  <property name="stepIndex">1</property>
  <property name="description">Given I already open browser</property>
</record>
<record>
  <date>2018-12-10T00:29:15</date>
  <millis>1544376555475</millis>
  <sequence>17</sequence>
  <level>INFO</level>
  <class>com.kms.katalon.core.logging.XmlKeywordLogger</class>
  <method>logMessage</method>
  <thread>1</thread>
  <message>Starting &amp;apos;Chrome&amp;apos; driver</message>
  <nestedLevel>1</nestedLevel>
</record>
<record>
  <date>2018-12-10T00:29:15</date>
  <millis>1544376555593</millis>
  <sequence>18</sequence>
  <level>INFO</level>
  <class>com.kms.katalon.core.logging.XmlKeywordLogger</class>
  <method>logMessage</method>
  <thread>1</thread>
  <message>Action delay is set to 0 seconds</message>
  <nestedLevel>1</nestedLevel>
</record>
<record>
  <date>2018-12-10T00:29:20</date>
  <millis>1544376560642</millis>
  <sequence>20</sequence>
  <level>RUN_DATA</level>
  <class>com.kms.katalon.core.logging.XmlKeywordLogger</class>
  <method>logMessage</method>
  <thread>1</thread>
  <message>sessionId = ba36efc42717799cd93e8057fba750c5</message>
  <nestedLevel>1</nestedLevel>
  <property name="sessionId">ba36efc42717799cd93e8057fba750c5</property>
</record>
<record>
  <date>2018-12-10T00:29:20</date>
  <millis>1544376560731</millis>
  <sequence>21</sequence>
  <level>RUN_DATA</level>
  <class>com.kms.katalon.core.logging.XmlKeywordLogger</class>
  <method>logMessage</method>
  <thread>1</thread>
  <message>browser = Chrome 70.0.3538.110</message>
  <nestedLevel>1</nestedLevel>
  <property name="browser">Chrome 70.0.3538.110</property>
</record>
<record>
  <date>2018-12-10T00:29:20</date>
  <millis>1544376560732</millis>
  <sequence>22</sequence>
  <level>RUN_DATA</level>
  <class>com.kms.katalon.core.logging.XmlKeywordLogger</class>
  <method>logMessage</method>
  <thread>1</thread>
  <message>platform = Windows 10</message>
  <nestedLevel>1</nestedLevel>
  <property name="platform">Windows 10</property>
</record>
<record>
  <date>2018-12-10T00:29:20</date>
  <millis>1544376560735</millis>
  <sequence>23</sequence>
  <level>RUN_DATA</level>
  <class>com.kms.katalon.core.logging.XmlKeywordLogger</class>
  <method>logMessage</method>
  <thread>1</thread>
  <message>seleniumVersion = 3.7.1</message>
  <nestedLevel>1</nestedLevel>
  <property name="seleniumVersion">3.7.1</property>
</record>
<record>
  <date>2018-12-10T00:29:20</date>
  <millis>1544376560736</millis>
  <sequence>24</sequence>
  <level>RUN_DATA</level>
  <class>com.kms.katalon.core.logging.XmlKeywordLogger</class>
  <method>logMessage</method>
  <thread>1</thread>
  <message>proxyInformation = ProxyInformation{proxyOption=NO_PROXY, proxyServerType=HTTP, password=, proxyServerAddress=, proxyServerPort=0}</message>
  <nestedLevel>1</nestedLevel>
  <property name="proxyInformation">ProxyInformation{proxyOption=NO_PROXY, proxyServerType=HTTP, password=, proxyServerAddress=, proxyServerPort=0}</property>
</record>
<record>
  <date>2018-12-10T00:29:20</date>
  <millis>1544376560737</millis>
  <sequence>25</sequence>
  <level>PASSED</level>
  <class>com.kms.katalon.core.logging.XmlKeywordLogger</class>
  <method>logMessage</method>
  <thread>1</thread>
  <message>Browser is opened with url: &amp;apos;&amp;apos;</message>
  <nestedLevel>1</nestedLevel>
</record>
<record>
  <date>2018-12-10T00:29:20</date>
  <millis>1544376560739</millis>
  <sequence>26</sequence>
  <level>END</level>
  <class>com.kms.katalon.core.logging.XmlKeywordLogger</class>
  <method>endKeyword</method>
  <thread>1</thread>
  <message>End action : openBrowser(\&amp;quot;\&amp;quot;)</message>
  <nestedLevel>1</nestedLevel>
</record>
<record>
  <date>2018-12-10T00:29:20</date>
  <millis>1544376560740</millis>
  <sequence>27</sequence>
  <level>START</level>
  <class>com.kms.katalon.core.logging.XmlKeywordLogger</class>
  <method>startKeyword</method>
  <thread>1</thread>
  <message>Start action : navigateToUrl(\&amp;quot;https://www.facebook.com\&amp;quot;)</message>
  <nestedLevel>1</nestedLevel>
  <property name="startLine">20</property>
  <property name="stepIndex">2</property>
  <property name="description">When I input Facebook website</property>
</record>
<record>
  <date>2018-12-10T00:29:26</date>
  <millis>1544376566363</millis>
  <sequence>30</sequence>
  <level>PASSED</level>
  <class>com.kms.katalon.core.logging.XmlKeywordLogger</class>
  <method>logMessage</method>
  <thread>1</thread>
  <message>Navigate to &amp;apos;https://www.facebook.com&amp;apos; successfully</message>
  <nestedLevel>1</nestedLevel>
</record>
<record>
  <date>2018-12-10T00:29:26</date>
  <millis>1544376566372</millis>
  <sequence>31</sequence>
  <level>END</level>
  <class>com.kms.katalon.core.logging.XmlKeywordLogger</class>
  <method>endKeyword</method>
  <thread>1</thread>
  <message>End action : navigateToUrl(\&amp;quot;https://www.facebook.com\&amp;quot;)</message>
  <nestedLevel>1</nestedLevel>
</record>
<record>
  <date>2018-12-10T00:29:26</date>
  <millis>1544376566373</millis>
  <sequence>32</sequence>
  <level>START</level>
  <class>com.kms.katalon.core.logging.XmlKeywordLogger</class>
  <method>startKeyword</method>
  <thread>1</thread>
  <message>Start action : setText(findTestObject(\&amp;quot;txt_nama_dpn\&amp;quot;), firstname)</message>
  <nestedLevel>1</nestedLevel>
  <property name="startLine">23</property>
  <property name="stepIndex">3</property>
  <property name="description">and input my firstname</property>
</record>
<record>
  <date>2018-12-10T00:29:26</date>
  <millis>1544376566852</millis>
  <sequence>44</sequence>
  <level>PASSED</level>
  <class>com.kms.katalon.core.logging.XmlKeywordLogger</class>
  <method>logMessage</method>
  <thread>1</thread>
  <message>Text &amp;apos;Budi&amp;apos; is set on object &amp;apos;Object Repository/txt_nama_dpn&amp;apos;</message>
  <nestedLevel>1</nestedLevel>
</record>
<record>
  <date>2018-12-10T00:29:26</date>
  <millis>1544376566855</millis>
  <sequence>45</sequence>
  <level>END</level>
  <class>com.kms.katalon.core.logging.XmlKeywordLogger</class>
  <method>endKeyword</method>
  <thread>1</thread>
  <message>End action : setText(findTestObject(\&amp;quot;txt_nama_dpn\&amp;quot;), firstname)</message>
  <nestedLevel>1</nestedLevel>
</record>
<record>
  <date>2018-12-10T00:29:26</date>
  <millis>1544376566856</millis>
  <sequence>46</sequence>
  <level>START</level>
  <class>com.kms.katalon.core.logging.XmlKeywordLogger</class>
  <method>startKeyword</method>
  <thread>1</thread>
  <message>Start action : setText(findTestObject(\&amp;quot;txt_nama_blk\&amp;quot;), lastname)</message>
  <nestedLevel>1</nestedLevel>
  <property name="startLine">26</property>
  <property name="stepIndex">4</property>
  <property name="description">and input my lastname</property>
</record>
<record>
  <date>2018-12-10T00:29:27</date>
  <millis>1544376567295</millis>
  <sequence>58</sequence>
  <level>PASSED</level>
  <class>com.kms.katalon.core.logging.XmlKeywordLogger</class>
  <method>logMessage</method>
  <thread>1</thread>
  <message>Text &amp;apos;Soemarsono&amp;apos; is set on object &amp;apos;Object Repository/txt_nama_blk&amp;apos;</message>
  <nestedLevel>1</nestedLevel>
</record>
<record>
  <date>2018-12-10T00:29:27</date>
  <millis>1544376567296</millis>
  <sequence>59</sequence>
  <level>END</level>
  <class>com.kms.katalon.core.logging.XmlKeywordLogger</class>
  <method>endKeyword</method>
  <thread>1</thread>
  <message>End action : setText(findTestObject(\&amp;quot;txt_nama_blk\&amp;quot;), lastname)</message>
  <nestedLevel>1</nestedLevel>
</record>
<record>
  <date>2018-12-10T00:29:27</date>
  <millis>1544376567296</millis>
  <sequence>60</sequence>
  <level>START</level>
  <class>com.kms.katalon.core.logging.XmlKeywordLogger</class>
  <method>startKeyword</method>
  <thread>1</thread>
  <message>Start action : setText(findTestObject(\&amp;quot;txt_email_no_telp\&amp;quot;), email)</message>
  <nestedLevel>1</nestedLevel>
  <property name="startLine">29</property>
  <property name="stepIndex">5</property>
  <property name="description">and Input my Email</property>
</record>
<record>
  <date>2018-12-10T00:29:28</date>
  <millis>1544376568091</millis>
  <sequence>72</sequence>
  <level>PASSED</level>
  <class>com.kms.katalon.core.logging.XmlKeywordLogger</class>
  <method>logMessage</method>
  <thread>1</thread>
  <message>Text &amp;apos;soemarsono00000001@gmail.com&amp;apos; is set on object &amp;apos;Object Repository/txt_email_no_telp&amp;apos;</message>
  <nestedLevel>1</nestedLevel>
</record>
<record>
  <date>2018-12-10T00:29:28</date>
  <millis>1544376568092</millis>
  <sequence>73</sequence>
  <level>END</level>
  <class>com.kms.katalon.core.logging.XmlKeywordLogger</class>
  <method>endKeyword</method>
  <thread>1</thread>
  <message>End action : setText(findTestObject(\&amp;quot;txt_email_no_telp\&amp;quot;), email)</message>
  <nestedLevel>1</nestedLevel>
</record>
<record>
  <date>2018-12-10T00:29:28</date>
  <millis>1544376568092</millis>
  <sequence>74</sequence>
  <level>START</level>
  <class>com.kms.katalon.core.logging.XmlKeywordLogger</class>
  <method>startKeyword</method>
  <thread>1</thread>
  <message>Start action : delay(3)</message>
  <nestedLevel>1</nestedLevel>
  <property name="startLine">31</property>
  <property name="stepIndex">6</property>
</record>
<record>
  <date>2018-12-10T00:29:31</date>
  <millis>1544376571187</millis>
  <sequence>76</sequence>
  <level>PASSED</level>
  <class>com.kms.katalon.core.logging.XmlKeywordLogger</class>
  <method>logMessage</method>
  <thread>1</thread>
  <message>Delayed 3 second(s)</message>
  <nestedLevel>1</nestedLevel>
</record>
<record>
  <date>2018-12-10T00:29:31</date>
  <millis>1544376571189</millis>
  <sequence>77</sequence>
  <level>END</level>
  <class>com.kms.katalon.core.logging.XmlKeywordLogger</class>
  <method>endKeyword</method>
  <thread>1</thread>
  <message>End action : delay(3)</message>
  <nestedLevel>1</nestedLevel>
</record>
<record>
  <date>2018-12-10T00:29:31</date>
  <millis>1544376571189</millis>
  <sequence>78</sequence>
  <level>START</level>
  <class>com.kms.katalon.core.logging.XmlKeywordLogger</class>
  <method>startKeyword</method>
  <thread>1</thread>
  <message>Start action : setText(findTestObject(\&amp;quot;txt_email_val\&amp;quot;), email)</message>
  <nestedLevel>1</nestedLevel>
  <property name="startLine">34</property>
  <property name="stepIndex">7</property>
  <property name="description">and input same email in email validation</property>
</record>
<record>
  <date>2018-12-10T00:29:31</date>
  <millis>1544376571802</millis>
  <sequence>90</sequence>
  <level>PASSED</level>
  <class>com.kms.katalon.core.logging.XmlKeywordLogger</class>
  <method>logMessage</method>
  <thread>1</thread>
  <message>Text &amp;apos;soemarsono00000001@gmail.com&amp;apos; is set on object &amp;apos;Object Repository/txt_email_val&amp;apos;</message>
  <nestedLevel>1</nestedLevel>
</record>
<record>
  <date>2018-12-10T00:29:31</date>
  <millis>1544376571805</millis>
  <sequence>91</sequence>
  <level>END</level>
  <class>com.kms.katalon.core.logging.XmlKeywordLogger</class>
  <method>endKeyword</method>
  <thread>1</thread>
  <message>End action : setText(findTestObject(\&amp;quot;txt_email_val\&amp;quot;), email)</message>
  <nestedLevel>1</nestedLevel>
</record>
<record>
  <date>2018-12-10T00:29:31</date>
  <millis>1544376571805</millis>
  <sequence>92</sequence>
  <level>START</level>
  <class>com.kms.katalon.core.logging.XmlKeywordLogger</class>
  <method>startKeyword</method>
  <thread>1</thread>
  <message>Start action : setMaskedText(findTestObject(\&amp;quot;txt_password\&amp;quot;), password)</message>
  <nestedLevel>1</nestedLevel>
  <property name="startLine">37</property>
  <property name="stepIndex">8</property>
  <property name="description">and Input password that i like</property>
</record>
<record>
  <date>2018-12-10T00:29:32</date>
  <millis>1544376572202</millis>
  <sequence>104</sequence>
  <level>PASSED</level>
  <class>com.kms.katalon.core.logging.XmlKeywordLogger</class>
  <method>logMessage</method>
  <thread>1</thread>
  <message>Text &amp;apos;********&amp;apos; is set on object &amp;apos;Object Repository/txt_password&amp;apos;</message>
  <nestedLevel>1</nestedLevel>
</record>
<record>
  <date>2018-12-10T00:29:32</date>
  <millis>1544376572203</millis>
  <sequence>105</sequence>
  <level>END</level>
  <class>com.kms.katalon.core.logging.XmlKeywordLogger</class>
  <method>endKeyword</method>
  <thread>1</thread>
  <message>End action : setMaskedText(findTestObject(\&amp;quot;txt_password\&amp;quot;), password)</message>
  <nestedLevel>1</nestedLevel>
</record>
<record>
  <date>2018-12-10T00:29:32</date>
  <millis>1544376572203</millis>
  <sequence>106</sequence>
  <level>START</level>
  <class>com.kms.katalon.core.logging.XmlKeywordLogger</class>
  <method>startKeyword</method>
  <thread>1</thread>
  <message>Start action : selectOptionByValue(findTestObject(\&amp;quot;slt_day\&amp;quot;), day, false)</message>
  <nestedLevel>1</nestedLevel>
  <property name="startLine">40</property>
  <property name="stepIndex">9</property>
  <property name="description">and Input my birthdate</property>
</record>
<record>
  <date>2018-12-10T00:29:32</date>
  <millis>1544376572552</millis>
  <sequence>114</sequence>
  <level>PASSED</level>
  <class>com.kms.katalon.core.logging.XmlKeywordLogger</class>
  <method>logMessage</method>
  <thread>1</thread>
  <message>All options with value &amp;apos;23&amp;apos; are selected in object &amp;apos;Object Repository/slt_day&amp;apos; </message>
  <nestedLevel>1</nestedLevel>
</record>
<record>
  <date>2018-12-10T00:29:32</date>
  <millis>1544376572554</millis>
  <sequence>115</sequence>
  <level>END</level>
  <class>com.kms.katalon.core.logging.XmlKeywordLogger</class>
  <method>endKeyword</method>
  <thread>1</thread>
  <message>End action : selectOptionByValue(findTestObject(\&amp;quot;slt_day\&amp;quot;), day, false)</message>
  <nestedLevel>1</nestedLevel>
</record>
<record>
  <date>2018-12-10T00:29:32</date>
  <millis>1544376572554</millis>
  <sequence>116</sequence>
  <level>START</level>
  <class>com.kms.katalon.core.logging.XmlKeywordLogger</class>
  <method>startKeyword</method>
  <thread>1</thread>
  <message>Start action : selectOptionByValue(findTestObject(\&amp;quot;slt_month\&amp;quot;), month, false)</message>
  <nestedLevel>1</nestedLevel>
  <property name="startLine">42</property>
  <property name="stepIndex">10</property>
</record>
<record>
  <date>2018-12-10T00:29:32</date>
  <millis>1544376572883</millis>
  <sequence>124</sequence>
  <level>PASSED</level>
  <class>com.kms.katalon.core.logging.XmlKeywordLogger</class>
  <method>logMessage</method>
  <thread>1</thread>
  <message>All options with value &amp;apos;6&amp;apos; are selected in object &amp;apos;Object Repository/slt_month&amp;apos; </message>
  <nestedLevel>1</nestedLevel>
</record>
<record>
  <date>2018-12-10T00:29:32</date>
  <millis>1544376572884</millis>
  <sequence>125</sequence>
  <level>END</level>
  <class>com.kms.katalon.core.logging.XmlKeywordLogger</class>
  <method>endKeyword</method>
  <thread>1</thread>
  <message>End action : selectOptionByValue(findTestObject(\&amp;quot;slt_month\&amp;quot;), month, false)</message>
  <nestedLevel>1</nestedLevel>
</record>
<record>
  <date>2018-12-10T00:29:32</date>
  <millis>1544376572885</millis>
  <sequence>126</sequence>
  <level>START</level>
  <class>com.kms.katalon.core.logging.XmlKeywordLogger</class>
  <method>startKeyword</method>
  <thread>1</thread>
  <message>Start action : selectOptionByValue(findTestObject(\&amp;quot;slt_year\&amp;quot;), year, false)</message>
  <nestedLevel>1</nestedLevel>
  <property name="startLine">44</property>
  <property name="stepIndex">11</property>
</record>
<record>
  <date>2018-12-10T00:29:33</date>
  <millis>1544376573215</millis>
  <sequence>134</sequence>
  <level>PASSED</level>
  <class>com.kms.katalon.core.logging.XmlKeywordLogger</class>
  <method>logMessage</method>
  <thread>1</thread>
  <message>All options with value &amp;apos;1992&amp;apos; are selected in object &amp;apos;Object Repository/slt_year&amp;apos; </message>
  <nestedLevel>1</nestedLevel>
</record>
<record>
  <date>2018-12-10T00:29:33</date>
  <millis>1544376573216</millis>
  <sequence>135</sequence>
  <level>END</level>
  <class>com.kms.katalon.core.logging.XmlKeywordLogger</class>
  <method>endKeyword</method>
  <thread>1</thread>
  <message>End action : selectOptionByValue(findTestObject(\&amp;quot;slt_year\&amp;quot;), year, false)</message>
  <nestedLevel>1</nestedLevel>
</record>
<record>
  <date>2018-12-10T00:29:33</date>
  <millis>1544376573216</millis>
  <sequence>136</sequence>
  <level>START</level>
  <class>com.kms.katalon.core.logging.XmlKeywordLogger</class>
  <method>startKeyword</method>
  <thread>1</thread>
  <message>Start action : if (gender.toLowerCase() == \&amp;quot;l\&amp;quot;)</message>
  <nestedLevel>1</nestedLevel>
  <property name="startLine">47</property>
  <property name="stepIndex">12</property>
  <property name="description">and Input my gender with L or P</property>
</record>
<record>
  <date>2018-12-10T00:29:33</date>
  <millis>1544376573218</millis>
  <sequence>137</sequence>
  <level>START</level>
  <class>com.kms.katalon.core.logging.XmlKeywordLogger</class>
  <method>startKeyword</method>
  <thread>1</thread>
  <message>Start action : click(findTestObject(\&amp;quot;chk_male\&amp;quot;))</message>
  <nestedLevel>2</nestedLevel>
  <property name="startLine">48</property>
  <property name="stepIndex">1</property>
</record>
<record>
  <date>2018-12-10T00:29:33</date>
  <millis>1544376573512</millis>
  <sequence>144</sequence>
  <level>PASSED</level>
  <class>com.kms.katalon.core.logging.XmlKeywordLogger</class>
  <method>logMessage</method>
  <thread>1</thread>
  <message>Object: &amp;apos;Object Repository/chk_male&amp;apos; is clicked on</message>
  <nestedLevel>1</nestedLevel>
</record>
<record>
  <date>2018-12-10T00:29:33</date>
  <millis>1544376573514</millis>
  <sequence>145</sequence>
  <level>END</level>
  <class>com.kms.katalon.core.logging.XmlKeywordLogger</class>
  <method>endKeyword</method>
  <thread>1</thread>
  <message>End action : click(findTestObject(\&amp;quot;chk_male\&amp;quot;))</message>
  <nestedLevel>2</nestedLevel>
</record>
<record>
  <date>2018-12-10T00:29:33</date>
  <millis>1544376573514</millis>
  <sequence>146</sequence>
  <level>END</level>
  <class>com.kms.katalon.core.logging.XmlKeywordLogger</class>
  <method>endKeyword</method>
  <thread>1</thread>
  <message>End action : if (gender.toLowerCase() == \&amp;quot;l\&amp;quot;)</message>
  <nestedLevel>1</nestedLevel>
</record>
<record>
  <date>2018-12-10T00:29:33</date>
  <millis>1544376573515</millis>
  <sequence>147</sequence>
  <level>START</level>
  <class>com.kms.katalon.core.logging.XmlKeywordLogger</class>
  <method>startKeyword</method>
  <thread>1</thread>
  <message>Start action : click(findTestObject(\&amp;quot;btn-register\&amp;quot;))</message>
  <nestedLevel>1</nestedLevel>
  <property name="startLine">54</property>
  <property name="stepIndex">14</property>
  <property name="description">and Click Register Button</property>
</record>
<record>
  <date>2018-12-10T00:29:33</date>
  <millis>1544376573766</millis>
  <sequence>154</sequence>
  <level>PASSED</level>
  <class>com.kms.katalon.core.logging.XmlKeywordLogger</class>
  <method>logMessage</method>
  <thread>1</thread>
  <message>Object: &amp;apos;Object Repository/btn-register&amp;apos; is clicked on</message>
  <nestedLevel>1</nestedLevel>
</record>
<record>
  <date>2018-12-10T00:29:33</date>
  <millis>1544376573767</millis>
  <sequence>155</sequence>
  <level>END</level>
  <class>com.kms.katalon.core.logging.XmlKeywordLogger</class>
  <method>endKeyword</method>
  <thread>1</thread>
  <message>End action : click(findTestObject(\&amp;quot;btn-register\&amp;quot;))</message>
  <nestedLevel>1</nestedLevel>
</record>
<record>
  <date>2018-12-10T00:29:33</date>
  <millis>1544376573767</millis>
  <sequence>156</sequence>
  <level>START</level>
  <class>com.kms.katalon.core.logging.XmlKeywordLogger</class>
  <method>startKeyword</method>
  <thread>1</thread>
  <message>Start action : verifyElementPresent(findTestObject(\&amp;quot;Home/homePage\&amp;quot;), 0)</message>
  <nestedLevel>1</nestedLevel>
  <property name="startLine">57</property>
  <property name="stepIndex">15</property>
  <property name="description">Then I will be registered to facebook</property>
</record>
<record>
  <date>2018-12-10T00:29:33</date>
  <millis>1544376573786</millis>
  <sequence>160</sequence>
  <level>WARNING</level>
  <class>com.kms.katalon.core.logging.XmlKeywordLogger</class>
  <method>logMessage</method>
  <thread>1</thread>
  <message>Timeout &amp;apos;0&amp;apos; is invalid. Using default page load timeout: &amp;apos;30&amp;apos;</message>
  <nestedLevel>1</nestedLevel>
</record>
<record>
  <date>2018-12-10T00:29:33</date>
  <millis>1544376573834</millis>
  <sequence>163</sequence>
  <level>PASSED</level>
  <class>com.kms.katalon.core.logging.XmlKeywordLogger</class>
  <method>logMessage</method>
  <thread>1</thread>
  <message>Object &amp;apos;Object Repository/Home/homePage&amp;apos; is present</message>
  <nestedLevel>1</nestedLevel>
</record>
<record>
  <date>2018-12-10T00:29:33</date>
  <millis>1544376573835</millis>
  <sequence>164</sequence>
  <level>END</level>
  <class>com.kms.katalon.core.logging.XmlKeywordLogger</class>
  <method>endKeyword</method>
  <thread>1</thread>
  <message>End action : verifyElementPresent(findTestObject(\&amp;quot;Home/homePage\&amp;quot;), 0)</message>
  <nestedLevel>1</nestedLevel>
</record>
<record>
  <date>2018-12-10T00:29:33</date>
  <millis>1544376573835</millis>
  <sequence>165</sequence>
  <level>PASSED</level>
  <class>com.kms.katalon.core.logging.XmlKeywordLogger</class>
  <method>logMessage</method>
  <thread>1</thread>
  <message>Test Cases/Register Facebook by Email</message>
  <nestedLevel>1</nestedLevel>
</record>
<record>
  <date>2018-12-10T00:29:33</date>
  <millis>1544376573835</millis>
  <sequence>166</sequence>
  <level>END</level>
  <class>com.kms.katalon.core.logging.XmlKeywordLogger</class>
  <method>endTest</method>
  <thread>1</thread>
  <message>End Test Case : Test Cases/Register Facebook by Email</message>
  <nestedLevel>0</nestedLevel>
</record>
<record>
  <date>2018-12-10T00:29:35</date>
  <millis>1544376575069</millis>
  <sequence>167</sequence>
  <level>END</level>
  <class>com.kms.katalon.core.logging.XmlKeywordLogger</class>
  <method>endSuite</method>
  <thread>1</thread>
  <message>End Test Suite : Test Suites/Facebook - Register By Email</message>
  <nestedLevel>0</nestedLevel>
</record>
</log>
